IQ-TREE multicore version 1.6.12 for Linux 64-bit built Aug 15 2019
Developed by Bui Quang Minh, Nguyen Lam Tung, Olga Chernomor,
Heiko Schmidt, Dominik Schrempf, Michael Woodhams.

Host:    bigmem7 (AVX, FMA3, 503 GB RAM)
Command: /home/hennelly/bin/iqtree-1.6.12-Linux/bin/iqtree -s /home/hennelly/projects/IQtree/July72020/fastafiles_autosomes/Wildcanids_nodogsredwolf_minQ30_noindels_noparalogs_geno0.1_autosomes_modelselection.fasta -bb 1000 -nt AUTO
Seed:    921868 (Using SPRNG - Scalable Parallel Random Number Generator)
Time:    Tue Jul 21 23:12:07 2020
Kernel:  AVX+FMA - auto-detect threads (64 CPU cores detected)

Reading alignment file /home/hennelly/projects/IQtree/July72020/fastafiles_autosomes/Wildcanids_nodogsredwolf_minQ30_noindels_noparalogs_geno0.1_autosomes_modelselection.fasta ... Fasta format detected
Alignment most likely contains DNA/RNA sequences
Alignment has 34 sequences with 30490042 columns, 9174796 distinct patterns
5834594 parsimony-informative, 6892254 singleton sites, 17763194 constant sites
                                   Gap/Ambiguity  Composition  p-value
   1  0_SRR8049189_sorted_proper_nodups   12.80%    failed      0.00%
   2  0_BH123_sorted_proper_nodups        10.34%    failed      0.00%
   3  0_BH124_sorted_proper_nodups         7.68%    failed      0.00%
   4  0_BH126_sorted_proper_nodups         7.19%    failed      4.79%
   5  0_BH127_sorted_proper_nodups        15.75%    failed      0.00%
   6  0_BH1_sorted_proper_nodups          11.38%    failed      0.00%
   7  0_BH4_sorted_proper_nodups          10.40%    failed      0.00%
   8  0_BH6_sorted_proper_nodups           9.26%    failed      0.00%
   9  0_SRR1518518_sorted_proper_nodups   10.86%    failed      0.00%
  10  0_SRR2827600_sorted_proper_nodups   10.69%    failed      0.00%
  11  0_SRR2827601_sorted_proper_nodups   10.99%    failed      0.00%
  12  0_SRR2827603_sorted_proper_nodups   10.05%    failed      0.00%
  13  0_SRR2827609_sorted_proper_nodups   11.21%    failed      0.00%
  14  0_SRR2827611_sorted_proper_nodups   14.10%    failed      0.00%
  15  0_SRR3574870_sorted_proper_nodups   12.72%    failed      0.00%
  16  0_SRR5168998_sorted_proper_nodups   10.89%    failed      0.00%
  17  0_SRR7107645_sorted_proper_nodups   10.63%    failed      0.00%
  18  0_SRR7107646_sorted_proper_nodups   10.04%    failed      0.00%
  19  0_SRR7107647_sorted_proper_nodups    9.95%    failed      0.00%
  20  0_SRR7107786_sorted_proper_nodups    8.88%    failed      0.89%
  21  0_SRR7107906_sorted_proper_nodups    5.10%    failed      0.00%
  22  0_SRR7107907_sorted_proper_nodups    8.49%    failed      0.00%
  23  0_SRR7107908_sorted_proper_nodups    9.41%    failed      0.72%
  24  0_SRR7107909_sorted_proper_nodups   10.79%    failed      0.00%
  25  0_SRR7107910_sorted_proper_nodups    9.32%    passed     84.40%
  26  0_SRR7107911_sorted_proper_nodups   11.01%    failed      0.00%
  27  0_SRR7107912_sorted_proper_nodups    6.15%    failed      0.00%
  28  0_SRR7107913_sorted_proper_nodups   10.24%    failed      0.00%
  29  0_SRR7976426_sorted_proper_nodups    8.58%    failed      0.00%
  30  0_SRR8049193_sorted_proper_nodups    8.58%    failed      0.74%
  31  0_SRR8049194_sorted_proper_nodups    9.03%    failed      0.00%
  32  0_SRR8049197_sorted_proper_nodups    7.71%    failed      0.00%
  33  0_SRR8066602_sorted_proper_nodups   10.65%    failed      0.00%
  34  0_SRR8066605_sorted_proper_nodups   13.70%    failed      0.00%
****  TOTAL                               10.14%  33 sequences failed composition chi2 test (p-value<5%; df=3)
NOTE: minimal branch length is reduced to 0.000000003280 for long alignment

NOTE: Restoring information from model checkpoint file /home/hennelly/projects/IQtree/July72020/fastafiles_autosomes/Wildcanids_nodogsredwolf_minQ30_noindels_noparalogs_geno0.1_autosomes_modelselection.fasta.model.gz

CHECKPOINT: Initial tree restored
NOTE: ModelFinder requires 136146 MB RAM!
ModelFinder will test 286 DNA models (sample size: 30490042) ...
 No. Model         -LnL         df  AIC          AICc         BIC
Measuring multi-threading efficiency up to 64 CPU cores
2 trees examined
Threads: 1 / Time: 248.814 sec / Speedup: 1.000 / Efficiency: 100% / LogL: -215434794
Threads: 2 / Time: 170.312 sec / Speedup: 1.461 / Efficiency: 73% / LogL: -215434794
Threads: 3 / Time: 133.853 sec / Speedup: 1.859 / Efficiency: 62% / LogL: -215434794
Threads: 4 / Time: 94.248 sec / Speedup: 2.640 / Efficiency: 66% / LogL: -215434794
Threads: 5 / Time: 130.649 sec / Speedup: 1.904 / Efficiency: 38% / LogL: -215434794
BEST NUMBER OF THREADS: 4

  1  JC            187400257.823 65  374800645.646 374800645.646 374801635.785
  2  JC+I          182224199.475 66  364448530.949 364448530.950 364449536.322
  3  JC+G4         179821081.004 66  359642294.008 359642294.008 359643299.380
  4  JC+I+G4       179680715.258 67  359361564.516 359361564.516 359362585.121
  5  JC+R2         177804771.186 67  355609676.372 355609676.373 355610696.977
  6  JC+R3         177804771.186 69  355609680.372 355609680.373 355610731.443
 14  F81+F         187390627.383 68  374781390.765 374781390.766 374782426.603
 15  F81+F+I       182255792.659 69  364511723.318 364511723.318 364512774.388
 16  F81+F+G4      179820960.149 69  359642058.298 359642058.298 359643109.369
 17  F81+F+I+G4    179676531.493 70  359353202.986 359353202.986 359354269.289
 18  F81+F+R2      177788383.489 70  355576906.978 355576906.978 355577973.282
 19  F81+F+R3      177788382.661 72  355576909.322 355576909.322 355578006.091
 27  K2P           179192252.354 66  358384636.708 358384636.709 358385642.080
 28  K2P+I         173901148.533 67  347802431.066 347802431.066 347803451.671
 29  K2P+G4        170645660.070 67  341291454.141 341291454.141 341292474.746
 30  K2P+I+G4      170495801.406 68  340991738.812 340991738.812 340992774.650
 31  K2P+R2        168499431.178 68  336998998.357 336998998.357 337000034.195
 32  K2P+R3        168499431.178 70  336999002.356 336999002.357 337000068.660
 40  HKY+F         178700307.599 69  357400753.198 357400753.199 357401804.269
 41  HKY+F+I       173489667.558 70  346979475.115 346979475.115 346980541.419
 42  HKY+F+G4      170132436.132 70  340265012.263 340265012.263 340266078.567
 43  HKY+F+I+G4    170002467.897 71  340005077.794 340005077.795 340006159.331
 44  HKY+F+R2      168075917.371 71  336151976.743 336151976.743 336153058.279
 45  HKY+F+R3      168075916.386 73  336151978.771 336151978.771 336153090.774
 53  TNe           179192250.100 67  358384634.200 358384634.201 358385654.805
 54  TNe+I         173901147.401 68  347802430.803 347802430.803 347803466.640
 55  TNe+G4        170645655.327 68  341291446.654 341291446.654 341292482.492
 56  TNe+I+G4      170495798.091 69  340991734.182 340991734.182 340992785.253
 57  TNe+R2        168499426.988 69  336998991.976 336998991.976 337000043.047
 58  TNe+R3        168499426.996 71  336998995.993 336998995.993 337000077.529
 66  TN+F          178700307.349 70  357400754.698 357400754.698 357401821.001
 67  TN+F+I        173489667.005 71  346979476.011 346979476.011 346980557.547
 68  TN+F+G4       170132435.883 71  340265013.766 340265013.766 340266095.303
 69  TN+F+I+G4     170002468.475 72  340005080.950 340005080.950 340006177.719
 70  TN+F+R2       168075919.411 72  336151982.822 336151982.822 336153079.592
 71  TN+F+R3       168075917.391 74  336151982.782 336151982.783 336153110.018
 79  K3P           179186436.488 67  358373006.976 358373006.976 358374027.581
 80  K3P+I         173895722.397 68  347791580.793 347791580.794 347792616.631
 81  K3P+G4        170639975.676 68  341280087.351 341280087.352 341281123.189
 82  K3P+I+G4      170490158.558 69  340980455.116 340980455.117 340981506.187
 83  K3P+R2        168493347.410 69  336986832.821 336986832.821 336987883.892
 84  K3P+R3        168493347.280 71  336986836.560 336986836.561 336987918.097
 92  K3Pu+F        178672342.544 70  357344825.088 357344825.088 357345891.392
 93  K3Pu+F+I      173463129.907 71  346926401.814 346926401.814 346927483.351
 94  K3Pu+F+G4     170103116.659 71  340206375.318 340206375.318 340207456.854
 95  K3Pu+F+I+G4   169973916.972 72  339947977.943 339947977.944 339949074.713
 96  K3Pu+F+R2     168050761.819 72  336101667.638 336101667.638 336102764.407
 97  K3Pu+F+R3     168050761.154 74  336101670.308 336101670.309 336102797.544
105  TPM2+F        178506699.401 70  357013538.802 357013538.803 357014605.106
106  TPM2+F+I      173302591.219 71  346605324.438 346605324.438 346606405.975
107  TPM2+F+G4     169909990.292 71  339820122.585 339820122.585 339821204.122
108  TPM2+F+I+G4   169786456.030 72  339573056.060 339573056.061 339574152.830
109  TPM2+F+R2     167895303.077 72  335790750.154 335790750.154 335791846.923
110  TPM2+F+R3     167895302.619 74  335790753.239 335790753.239 335791880.474
118  TPM2u+F       178506699.240 70  357013538.480 357013538.480 357014604.784
119  TPM2u+F+I     173302591.199 71  346605324.399 346605324.399 346606405.936
120  TPM2u+F+G4    169909989.560 71  339820121.120 339820121.120 339821202.657
121  TPM2u+F+I+G4  169786455.702 72  339573055.404 339573055.404 339574152.174
122  TPM2u+F+R2    167895303.190 72  335790750.379 335790750.380 335791847.149
123  TPM2u+F+R3    167895302.911 74  335790753.823 335790753.823 335791881.058
131  TPM3+F        178506438.494 70  357013016.988 357013016.989 357014083.292
132  TPM3+F+I      173302588.561 71  346605319.123 346605319.123 346606400.659
133  TPM3+F+G4     169909771.118 71  339819684.237 339819684.237 339820765.773
134  TPM3+F+I+G4   169786243.219 72  339572630.439 339572630.439 339573727.209
135  TPM3+F+R2     167894928.470 72  335790000.940 335790000.940 335791097.709
136  TPM3+F+R3     167894928.346 74  335790004.692 335790004.692 335791131.928
144  TPM3u+F       178506437.815 70  357013015.631 357013015.631 357014081.935
145  TPM3u+F+I     173302588.508 71  346605319.016 346605319.017 346606400.553
146  TPM3u+F+G4    169909771.056 71  339819684.111 339819684.112 339820765.648
147  TPM3u+F+I+G4  169786241.293 72  339572626.585 339572626.586 339573723.355
148  TPM3u+F+R2    167894928.545 72  335790001.090 335790001.091 335791097.860
149  TPM3u+F+R3    167894928.407 74  335790004.813 335790004.813 335791132.048
157  TIMe          179186433.174 68  358373002.348 358373002.348 358374038.186
158  TIMe+I        173895724.026 69  347791586.053 347791586.053 347792637.124
159  TIMe+G4       170639976.937 69  341280091.874 341280091.874 341281142.945
160  TIMe+I+G4     170490152.420 70  340980444.840 340980444.840 340981511.144
161  TIMe+R2       168493343.418 70  336986826.835 336986826.836 336987893.139
162  TIMe+R3       168493343.315 72  336986830.629 336986830.629 336987927.399
170  TIM+F         178672344.750 71  357344831.501 357344831.501 357345913.038
171  TIM+F+I       173463129.538 72  346926403.076 346926403.077 346927499.846
172  TIM+F+G4      170103116.614 72  340206377.229 340206377.229 340207473.998
173  TIM+F+I+G4    169973918.603 73  339947983.206 339947983.206 339949095.208
174  TIM+F+R2      168050762.044 73  336101670.089 336101670.089 336102782.091
175  TIM+F+R3      168050761.069 75  336101672.138 336101672.138 336102814.606
183  TIM2e         179131193.539 68  358262523.079 358262523.079 358263558.917
184  TIM2e+I       173857981.884 69  347716101.769 347716101.769 347717152.840
185  TIM2e+G4      170612853.610 69  341225845.219 341225845.220 341226896.290
186  TIM2e+I+G4    170463466.500 70  340927073.000 340927073.000 340928139.303
187  TIM2e+R2      168470557.347 70  336941254.694 336941254.695 336942320.998
188  TIM2e+R3      168470557.300 72  336941258.600 336941258.600 336942355.369
196  TIM2+F        178506699.048 71  357013540.096 357013540.096 357014621.632
197  TIM2+F+I      173302567.609 72  346605279.217 346605279.218 346606375.987
198  TIM2+F+G4     169909945.562 72  339820035.124 339820035.124 339821131.894
199  TIM2+F+I+G4   169786439.853 73  339573025.706 339573025.706 339574137.708
200  TIM2+F+R2     167895297.348 73  335790740.696 335790740.696 335791852.698
201  TIM2+F+R3     167895294.453 75  335790738.907 335790738.907 335791881.375
209  TIM3e         179130896.896 68  358261929.791 358261929.792 358262965.629
210  TIM3e+I       173857810.714 69  347715759.428 347715759.428 347716810.499
211  TIM3e+G4      170612492.976 69  341225123.952 341225123.952 341226175.023
212  TIM3e+I+G4    170463111.135 70  340926362.269 340926362.270 340927428.573
213  TIM3e+R2      168470180.321 70  336940500.642 336940500.643 336941566.946
214  TIM3e+R3      168470179.419 72  336940502.839 336940502.839 336941599.608
222  TIM3+F        178506437.689 71  357013017.377 357013017.378 357014098.914
223  TIM3+F+I      173302582.698 72  346605309.396 346605309.396 346606406.165
224  TIM3+F+G4     169909721.008 72  339819586.017 339819586.017 339820682.786
225  TIM3+F+I+G4   169786224.899 73  339572595.798 339572595.798 339573707.800
226  TIM3+F+R2     167894922.892 73  335789991.783 335789991.784 335791103.786
227  TIM3+F+R3     167894920.635 75  335789991.270 335789991.271 335791133.739
235  TVMe          179065562.297 69  358131262.593 358131262.594 358132313.664
236  TVMe+I        173810673.812 70  347621487.624 347621487.624 347622553.928
237  TVMe+G4       170575422.202 70  341150984.403 341150984.404 341152050.707
238  TVMe+I+G4     170426526.279 71  340853194.558 340853194.558 340854276.095
239  TVMe+R2       168436512.795 71  336873167.590 336873167.590 336874249.126
240  TVMe+R3       168436512.440 73  336873170.880 336873170.880 336874282.882
248  TVM+F         178307041.814 72  356614227.628 356614227.628 356615324.398
249  TVM+F+I       173109651.706 73  346219449.413 346219449.413 346220561.415
250  TVM+F+G4      169682046.421 73  339364238.841 339364238.842 339365350.844
251  TVM+F+I+G4    169564812.062 74  339129772.125 339129772.125 339130899.360
252  TVM+F+R2      167707693.066 74  335415534.132 335415534.133 335416661.368
253  TVM+F+R3      167707692.004 76  335415536.007 335415536.008 335416693.708
261  SYM           179065561.442 70  358131262.884 358131262.884 358132329.188
262  SYM+I         173810677.452 71  347621496.904 347621496.904 347622578.441
263  SYM+G4        170575424.915 71  341150991.830 341150991.831 341152073.367
264  SYM+I+G4      170426522.889 72  340853189.778 340853189.778 340854286.547
265  SYM+R2        168436511.827 72  336873167.655 336873167.655 336874264.424
266  SYM+R3        168436510.491 74  336873168.981 336873168.981 336874296.216
274  GTR+F         178307041.825 73  356614229.650 356614229.650 356615341.652
275  GTR+F+I       173109652.689 74  346219453.379 346219453.379 346220580.614
276  GTR+F+G4      169682142.022 74  339364432.045 339364432.045 339365559.280
277  GTR+F+I+G4    169564810.317 75  339129770.634 339129770.635 339130913.103
278  GTR+F+R2      167707698.307 75  335415546.614 335415546.614 335416689.082
279  GTR+F+R3      167707696.858 77  335415547.715 335415547.716 335416720.649
Akaike Information Criterion:           TVM+F+R2
Corrected Akaike Information Criterion: TVM+F+R2
Bayesian Information Criterion:         TVM+F+R2
Best-fit model: TVM+F+R2 chosen according to BIC

All model information printed to /home/hennelly/projects/IQtree/July72020/fastafiles_autosomes/Wildcanids_nodogsredwolf_minQ30_noindels_noparalogs_geno0.1_autosomes_modelselection.fasta.model.gz
CPU time for ModelFinder: 4237722.373 seconds (1177h:8m:42s)
Wall-clock time for ModelFinder: 1281646.854 seconds (356h:0m:46s)
Generating 1000 samples for ultrafast bootstrap (seed: 921868)...

NOTE: 55228 MB RAM (53 GB) is required!
Measuring multi-threading efficiency up to 64 CPU cores
2 trees examined
Threads: 1 / Time: 466.579 sec / Speedup: 1.000 / Efficiency: 100% / LogL: -207001622
Threads: 2 / Time: 267.916 sec / Speedup: 1.742 / Efficiency: 87% / LogL: -207001622
Threads: 3 / Time: 219.892 sec / Speedup: 2.122 / Efficiency: 71% / LogL: -207001622
Threads: 4 / Time: 206.452 sec / Speedup: 2.260 / Efficiency: 56% / LogL: -207001622
Threads: 5 / Time: 179.832 sec / Speedup: 2.595 / Efficiency: 52% / LogL: -207001622
Threads: 6 / Time: 160.056 sec / Speedup: 2.915 / Efficiency: 49% / LogL: -207001622
BEST NUMBER OF THREADS: 5

Estimate model parameters (epsilon = 0.100)
1. Initial log-likelihood: -184666926.921
2. Current log-likelihood: -171334438.600
3. Current log-likelihood: -169179640.518
4. Current log-likelihood: -167861073.298
5. Current log-likelihood: -167740736.210
6. Current log-likelihood: -167718620.980
7. Current log-likelihood: -167711735.496
8. Current log-likelihood: -167709240.156
9. Current log-likelihood: -167708293.208
10. Current log-likelihood: -167707930.728
11. Current log-likelihood: -167707790.618
12. Current log-likelihood: -167707744.194
13. Current log-likelihood: -167707723.395
14. Current log-likelihood: -167707714.312
15. Current log-likelihood: -167707711.019
16. Current log-likelihood: -167707710.448
17. Current log-likelihood: -167707709.833
18. Current log-likelihood: -167707709.341
19. Current log-likelihood: -167707708.813
20. Current log-likelihood: -167707708.394
21. Current log-likelihood: -167707707.911
22. Current log-likelihood: -167707707.536
23. Current log-likelihood: -167707707.077
24. Current log-likelihood: -167707706.727
25. Current log-likelihood: -167707706.291
26. Current log-likelihood: -167707705.966
27. Current log-likelihood: -167707705.550
28. Current log-likelihood: -167707705.248
29. Current log-likelihood: -167707704.853
30. Current log-likelihood: -167707704.572
31. Current log-likelihood: -167707704.196
32. Current log-likelihood: -167707703.935
33. Current log-likelihood: -167707703.576
34. Current log-likelihood: -167707703.334
35. Current log-likelihood: -167707702.993
36. Current log-likelihood: -167707702.769
37. Current log-likelihood: -167707702.443
38. Current log-likelihood: -167707702.236
39. Current log-likelihood: -167707701.925
40. Current log-likelihood: -167707701.734
41. Current log-likelihood: -167707701.437
42. Current log-likelihood: -167707701.261
43. Current log-likelihood: -167707700.978
44. Current log-likelihood: -167707700.816
45. Current log-likelihood: -167707700.545
46. Current log-likelihood: -167707700.396
47. Current log-likelihood: -167707700.137
48. Current log-likelihood: -167707700.001
49. Current log-likelihood: -167707699.753
50. Current log-likelihood: -167707699.629
51. Current log-likelihood: -167707699.391
52. Current log-likelihood: -167707699.278
53. Current log-likelihood: -167707699.051
54. Current log-likelihood: -167707698.948
55. Current log-likelihood: -167707698.730
Optimal log-likelihood: -167707698.636
Rate parameters:  A-C: 1.00204  A-G: 6.80053  A-T: 1.51968  C-G: 0.53900  C-T: 6.80053  G-T: 1.00000
Base frequencies:  A: 0.199  C: 0.301  G: 0.302  T: 0.199
Site proportion and rates:  (0.867,0.277) (0.133,5.715)
Parameters optimization took 55 rounds (22446.111 sec)
Computing ML distances based on estimated model parameters... 558.322 sec
Computing BIONJ tree...
0.005 seconds
Log-likelihood of BIONJ tree: -167772897.161
--------------------------------------------------------------------
|             INITIALIZING CANDIDATE TREE SET                      |
--------------------------------------------------------------------
Generating 98 parsimony trees... 
